2014-06-19 11:50:08	load device error: No error
2014-06-19 11:50:09	load device error: No error
2014-06-19 11:50:09	load device error: No error
2014-06-19 11:50:09	load device error: No error
2014-06-19 11:50:09	load device error: No error
2014-06-19 11:50:10	load device error: No error
2014-06-19 11:50:12	load device error: No error
2014-06-19 11:50:14	load device error: No error
2014-06-19 11:50:16	load device error: No error
2014-06-19 11:50:18	load device error: No error
2014-06-19 11:50:18	load device error: No error
2014-06-19 11:50:18	load device error: No error
2014-06-19 11:50:18	load device error: No error
2014-06-19 11:50:18	load device error: No error
2014-06-19 11:50:20	load device error: No error
2014-06-19 11:50:22	load device error: No error
2014-06-19 11:50:27	load device error: No error
2014-06-19 11:50:27	load device error: No error
2014-06-19 11:50:27	load device error: No error
2014-06-19 11:50:27	load device error: No error
2014-06-19 11:50:27	load device error: No error
2014-06-19 11:50:27	load device error: No error
2014-06-19 11:50:27	load device error: No error
2014-06-19 11:50:27	load device error: No error
2014-06-19 11:50:27	load device error: No error
2014-06-19 11:50:27	load device error: No error
2014-06-19 11:50:28	load device error: No error
2014-06-19 11:50:30	load device error: No error
2014-06-19 11:50:30	load device error: No error
2014-06-19 11:50:30	load device error: No error
2014-06-19 11:50:30	load device error: No error
2014-06-19 11:50:30	load device error: No error
2014-06-19 11:50:32	load device error: No error
2014-06-19 11:50:34	load device error: No error
2014-06-19 11:50:36	load device error: No error
2014-06-19 11:50:38	load device error: No error
2014-06-19 11:52:21	load device error: libusb0-dll:err [os_find_devices] couldn't read device descriptor

2014-06-19 11:52:21	load device error: libusb0-dll:err [os_find_devices] couldn't read device descriptor

2014-06-19 11:52:22	load device error: libusb0-dll:err [os_find_devices] couldn't read device descriptor

2014-06-19 11:52:24	load device error: libusb0-dll:err [os_find_devices] couldn't read device descriptor

2014-06-19 11:52:26	load device error: libusb0-dll:err [os_find_devices] couldn't read device descriptor

2014-06-19 11:53:55	load device error: No error
2014-06-19 11:53:57	load device error: No error
2014-06-19 11:53:59	load device error: No error
2014-06-19 11:54:05	load device error: No error
2014-06-19 11:54:05	load device error: No error
2014-06-19 11:54:05	load device error: No error
2014-06-19 11:54:05	load device error: No error
2014-06-19 11:54:05	load device error: No error
2014-06-19 11:54:05	load device error: No error
2014-06-19 11:54:05	load device error: No error
2014-06-19 11:54:05	load device error: No error
2014-06-19 11:54:05	load device error: No error
2014-06-19 11:54:05	load device error: No error
2014-06-19 11:54:05	load device error: No error
2014-06-19 11:54:07	load device error: No error
2014-06-19 11:54:09	load device error: No error
2014-06-19 11:54:11	load device error: No error
2014-06-19 11:54:13	load device error: No error
2014-06-19 11:54:15	load device error: No error
2014-06-19 11:54:17	load device error: No error
2014-06-19 11:54:19	load device error: No error
2014-06-19 11:54:21	load device error: No error
2014-06-19 11:54:23	load device error: No error
2014-06-19 11:54:25	load device error: No error
2014-06-19 11:54:27	load device error: No error
2014-06-19 11:54:29	load device error: No error
2014-06-19 11:54:31	load device error: No error
2014-06-19 11:54:33	load device error: No error
2014-06-19 11:54:35	load device error: No error
2014-06-19 11:54:37	load device error: No error
2014-06-19 11:54:39	load device error: No error
2014-06-19 11:54:41	load device error: No error
2014-06-19 11:54:44	load device error: No error
2014-06-19 11:54:46	load device error: No error
2014-06-19 11:54:48	load device error: No error
2014-06-19 11:54:50	load device error: No error
2014-06-19 11:54:52	load device error: No error
2014-06-19 11:56:58	load device error: No error
2014-06-19 11:57:00	load device error: No error
2014-06-19 11:57:02	load device error: No error
2014-06-19 11:57:04	load device error: No error
2014-06-19 11:57:06	load device error: No error
2014-06-19 11:57:08	load device error: No error
2014-06-19 11:57:10	load device error: No error
2014-06-19 12:06:15	load device error: No error
2014-06-19 12:06:17	load device error: No error
2014-06-19 12:06:21	load device error: No error
2014-06-19 12:06:21	load device error: No error
2014-06-19 12:06:21	load device error: No error
2014-06-19 12:06:21	load device error: No error
2014-06-19 12:06:22	load device error: No error
2014-06-19 12:06:23	load device error: No error
2014-06-19 12:06:25	load device error: No error
2014-06-19 12:06:27	load device error: No error
2014-06-19 12:06:29	load device error: No error
2014-06-19 12:06:31	load device error: No error
2014-06-19 12:06:36	load device error: No error
2014-06-19 12:06:36	load device error: No error
2014-06-19 12:06:36	load device error: No error
2014-06-19 12:06:36	load device error: No error
2014-06-19 12:06:36	load device error: No error
2014-06-19 12:06:36	load device error: No error
2014-06-19 12:06:36	load device error: No error
2014-06-19 12:06:36	load device error: No error
2014-06-19 12:06:36	load device error: No error
2014-06-19 12:06:36	load device error: No error
2014-06-19 12:06:37	load device error: No error
2014-06-19 12:06:39	load device error: No error
2014-06-19 12:06:40	load device error: No error
2014-06-19 12:06:40	load device error: No error
2014-06-19 12:06:40	load device error: No error
2014-06-19 12:06:40	load device error: No error
2014-06-19 12:06:41	load device error: No error
2014-06-19 12:06:43	load device error: No error
2014-06-19 12:06:45	load device error: No error
2014-06-19 12:06:47	load device error: No error
2014-06-19 12:06:49	load device error: No error
2014-06-19 12:06:51	load device error: No error
2014-06-19 12:06:57	Expected to receive 16 bytes, but only -116 bytes
libusb0-dll:err [_usb_reap_async] timeout error


2014-06-19 12:07:02	Expected to send 16 bytes, but only -116 bytes
libusb0-dll:err [_usb_reap_async] timeout error


2014-06-19 12:07:07	Expected to send 16 bytes, but only -116 bytes
libusb0-dll:err [_usb_reap_async] timeout error


2014-06-19 12:07:08	Expected to send 16 bytes, but only -5 bytes
libusb0-dll:err [_usb_reap_async] reaping request failed, win error: 连到系统上的设备没有发挥作用。



2014-06-19 12:09:29	load device error: No error
2014-06-19 12:09:30	load device error: No error
2014-06-19 12:09:30	load device error: No error
2014-06-19 12:09:30	load device error: No error
2014-06-19 12:09:30	load device error: No error
2014-06-19 12:09:31	load device error: No error
2014-06-19 12:09:33	load device error: No error
2014-06-19 12:09:35	load device error: No error
2014-06-19 12:09:37	load device error: No error
2014-06-19 12:09:39	load device error: No error
2014-06-19 12:09:41	load device error: No error
2014-06-19 12:09:43	load device error: No error
2014-06-19 12:09:47	load device error: No error
2014-06-19 12:09:47	load device error: No error
2014-06-19 12:09:47	load device error: No error
2014-06-19 12:09:47	load device error: No error
2014-06-19 12:09:47	load device error: No error
2014-06-19 12:09:47	load device error: No error
2014-06-19 12:09:47	load device error: No error
2014-06-19 12:09:47	load device error: No error
2014-06-19 12:09:47	load device error: No error
2014-06-19 12:09:47	load device error: No error
2014-06-19 12:09:47	load device error: No error
2014-06-19 12:09:49	load device error: No error
2014-06-19 12:09:51	load device error: No error
2014-06-19 12:09:53	load device error: No error
2014-06-19 12:09:55	load device error: No error
2014-06-19 12:09:55	load device error: No error
2014-06-19 12:09:55	load device error: No error
2014-06-19 12:09:55	load device error: No error
2014-06-19 12:09:55	load device error: No error
2014-06-19 12:09:58	load device error: No error
2014-06-19 12:10:00	load device error: No error
2014-06-19 12:10:01	load device error: No error
2014-06-19 12:10:01	load device error: No error
2014-06-19 12:10:01	load device error: No error
2014-06-19 12:10:01	load device error: No error
2014-06-19 12:10:02	load device error: No error
2014-06-19 12:10:03	load device error: No error
2014-06-19 12:10:03	load device error: No error
2014-06-19 12:10:03	load device error: No error
2014-06-19 12:10:03	load device error: No error
2014-06-19 12:10:04	load device error: No error
2014-06-19 12:10:06	load device error: No error
2014-06-19 12:10:08	load device error: No error
2014-06-19 12:16:15	load device error: No error
2014-06-19 12:16:17	load device error: No error
2014-06-19 12:16:19	load device error: No error
2014-06-19 12:16:21	load device error: No error
2014-06-19 12:16:23	load device error: No error
2014-06-19 12:16:25	load device error: No error
2014-06-19 12:16:27	load device error: No error
2014-06-19 12:16:29	load device error: No error
2014-06-19 12:16:31	load device error: No error
2014-06-19 12:16:33	load device error: No error
2014-06-19 12:16:35	load device error: No error
2014-06-19 12:16:37	load device error: No error
2014-06-19 12:16:41	load device error: No error
2014-06-19 12:16:41	load device error: No error
2014-06-19 12:16:41	load device error: No error
2014-06-19 12:16:41	load device error: No error
2014-06-19 12:16:41	load device error: No error
2014-06-19 12:16:41	load device error: No error
2014-06-19 12:16:41	load device error: No error
2014-06-19 12:16:41	load device error: No error
2014-06-19 12:16:41	load device error: No error
2014-06-19 12:16:41	load device error: No error
2014-06-19 12:16:43	load device error: No error
2014-06-19 12:16:45	load device error: No error
2014-06-19 12:17:36	load device error: No error
2014-06-19 12:17:36	load device error: No error
2014-06-19 12:17:36	load device error: No error
2014-06-19 12:17:36	load device error: No error
2014-06-19 12:17:36	load device error: No error
2014-06-19 12:17:38	load device error: No error
2014-06-19 12:17:40	load device error: No error
2014-06-19 12:17:42	load device error: No error
2014-06-19 12:17:44	load device error: No error
2014-06-19 12:17:46	load device error: No error
2014-06-19 12:17:48	load device error: No error
2014-06-19 12:17:50	load device error: No error
2014-06-19 12:17:52	load device error: No error
2014-06-19 12:17:54	load device error: No error
2014-06-19 12:17:58	load device error: No error
2014-06-19 12:17:58	load device error: No error
2014-06-19 12:17:58	load device error: No error
2014-06-19 12:17:58	load device error: No error
2014-06-19 12:17:58	load device error: No error
2014-06-19 12:17:58	load device error: No error
2014-06-19 12:17:58	load device error: No error
2014-06-19 12:17:58	load device error: No error
2014-06-19 12:17:58	load device error: No error
2014-06-19 12:17:58	load device error: No error
2014-06-19 12:17:58	load device error: No error
2014-06-19 12:18:00	load device error: No error
2014-06-19 12:18:02	load device error: No error
2014-06-19 12:18:04	load device error: No error
2014-06-19 12:18:06	load device error: No error
2014-06-19 12:18:08	load device error: No error
2014-06-19 12:18:10	load device error: No error
2014-06-19 12:18:12	load device error: No error
2014-06-19 12:18:14	load device error: No error
2014-06-19 12:18:16	load device error: No error
2014-06-19 12:18:18	load device error: No error
2014-06-19 12:18:20	load device error: No error
2014-06-19 12:18:22	load device error: No error
2014-06-19 12:18:24	load device error: No error
2014-06-19 12:18:26	load device error: No error
2014-06-19 12:18:28	load device error: No error
2014-06-19 12:18:30	load device error: No error
2014-06-19 12:18:32	load device error: No error
2014-06-19 12:18:34	load device error: No error
2014-06-19 12:18:36	load device error: No error
2014-06-19 12:18:38	load device error: No error
2014-06-19 12:18:40	load device error: No error
2014-06-19 12:18:42	load device error: No error
2014-06-19 12:18:44	load device error: No error
2014-06-19 12:18:49	load device error: No error
2014-06-19 12:18:49	load device error: No error
2014-06-19 12:18:49	load device error: No error
2014-06-19 12:18:49	load device error: No error
2014-06-19 12:18:49	load device error: No error
2014-06-19 12:18:49	load device error: No error
2014-06-19 12:18:49	load device error: No error
2014-06-19 12:18:49	load device error: No error
2014-06-19 12:18:49	load device error: No error
2014-06-19 12:18:50	load device error: No error
2014-06-19 12:18:50	load device error: No error
2014-06-19 12:18:51	load device error: No error
2014-06-19 12:18:51	load device error: No error
2014-06-19 12:18:51	load device error: No error
2014-06-19 12:18:52	load device error: No error
2014-06-19 12:18:53	load device error: No error
2014-06-19 12:18:53	load device error: No error
2014-06-19 12:18:54	load device error: No error
2014-06-19 12:18:56	load device error: No error
2014-06-19 12:18:58	load device error: No error
2014-06-19 12:19:00	load device error: No error
2014-06-19 12:19:03	load device error: No error
2014-06-19 12:19:05	load device error: No error
2014-06-19 12:19:07	load device error: No error
2014-06-19 12:19:09	load device error: No error
2014-06-19 12:19:11	load device error: No error
2014-06-19 12:19:13	load device error: No error
2014-06-19 12:19:15	load device error: No error
2014-06-19 12:19:17	load device error: No error
2014-06-19 12:19:19	load device error: No error
2014-06-19 12:19:21	load device error: No error
2014-06-19 12:19:23	load device error: No error
2014-06-19 12:19:25	load device error: No error
2014-06-19 12:19:27	load device error: No error
2014-06-19 12:19:29	load device error: No error
2014-06-19 12:19:31	load device error: No error
2014-06-19 12:19:33	load device error: No error
2014-06-19 12:19:35	load device error: No error
2014-06-19 12:19:37	load device error: No error
2014-06-19 12:19:39	load device error: No error
2014-06-19 12:19:41	load device error: No error
2014-06-19 12:19:43	load device error: No error
2014-06-19 12:19:45	load device error: No error
2014-06-19 12:19:47	load device error: No error
2014-06-19 12:19:49	load device error: No error
2014-06-19 12:19:51	load device error: No error
2014-06-19 12:19:53	load device error: No error
2014-06-19 12:19:55	load device error: No error
2014-06-19 12:19:57	load device error: No error
2014-06-19 12:19:59	load device error: No error
2014-06-19 12:20:01	load device error: No error
2014-06-19 12:20:03	load device error: No error
2014-06-19 12:20:05	load device error: No error
2014-06-19 12:20:07	load device error: No error
2014-06-19 12:20:09	load device error: No error
2014-06-19 12:20:11	load device error: No error
2014-06-19 12:20:13	load device error: No error
2014-06-19 12:20:15	load device error: No error
2014-06-19 12:20:17	load device error: No error
2014-06-19 12:20:19	load device error: No error
2014-06-19 12:20:21	load device error: No error
2014-06-19 12:20:23	load device error: No error
2014-06-19 12:20:25	load device error: No error
2014-06-19 12:20:27	load device error: No error
2014-06-19 12:20:29	load device error: No error
2014-06-19 12:20:31	load device error: No error
2014-06-19 12:20:33	load device error: No error
2014-06-19 12:20:35	load device error: No error
2014-06-19 12:20:37	load device error: No error
2014-06-19 12:20:39	load device error: No error
2014-06-19 12:20:39	load device error: No error
2014-06-19 12:20:39	load device error: No error
2014-06-19 12:20:39	load device error: No error
2014-06-19 12:20:39	load device error: No error
2014-06-19 12:20:41	load device error: No error
2014-06-19 12:20:43	load device error: No error
2014-06-19 12:20:45	load device error: No error
2014-06-19 12:20:47	load device error: No error
2014-06-19 12:20:49	load device error: No error
2014-06-19 12:20:51	load device error: No error
2014-06-19 12:20:53	load device error: No error
2014-06-19 12:20:57	load device error: No error
2014-06-19 12:20:57	load device error: No error
2014-06-19 12:20:57	load device error: No error
2014-06-19 12:20:57	load device error: No error
2014-06-19 12:20:57	load device error: No error
2014-06-19 12:20:57	load device error: No error
2014-06-19 12:20:57	load device error: No error
2014-06-19 12:20:57	load device error: No error
2014-06-19 12:20:57	load device error: No error
2014-06-19 12:20:57	load device error: No error
2014-06-19 12:20:57	load device error: No error
2014-06-19 12:20:59	load device error: No error
2014-06-19 12:21:01	load device error: No error
2014-06-19 12:21:03	load device error: No error
2014-06-19 12:21:05	load device error: No error
2014-06-19 12:21:07	load device error: No error
2014-06-19 12:21:09	load device error: No error
2014-06-19 12:21:11	load device error: No error
2014-06-19 12:21:13	load device error: No error
2014-06-19 12:21:15	load device error: No error
2014-06-19 12:21:17	load device error: No error
2014-06-19 12:21:19	load device error: No error
2014-06-19 12:21:21	load device error: No error
2014-06-19 12:21:23	load device error: No error
2014-06-19 12:21:25	load device error: No error
2014-06-19 12:21:27	load device error: No error
2014-06-19 12:21:29	load device error: No error
2014-06-19 12:21:31	load device error: No error
2014-06-19 12:21:33	load device error: No error
2014-06-19 12:21:35	load device error: No error
2014-06-19 12:21:37	load device error: No error
2014-06-19 12:21:39	load device error: No error
2014-06-19 12:21:41	load device error: No error
2014-06-19 12:21:45	load device error: No error
2014-06-19 12:21:47	load device error: No error
2014-06-19 12:21:48	load device error: No error
2014-06-19 12:21:48	load device error: No error
2014-06-19 12:21:48	load device error: No error
2014-06-19 12:21:48	load device error: No error
2014-06-19 12:21:49	load device error: No error
2014-06-19 12:21:51	load device error: No error
2014-06-19 12:21:53	load device error: No error
2014-06-19 12:21:55	load device error: No error
2014-06-19 12:21:57	load device error: No error
2014-06-19 12:21:59	load device error: No error
2014-06-19 12:22:01	load device error: No error
2014-06-19 12:22:03	load device error: No error
2014-06-19 19:55:42	load device error: No error
2014-06-19 19:55:44	load device error: No error
2014-06-19 19:55:47	load device error: No error
2014-06-19 19:55:49	load device error: No error
2014-06-19 19:55:51	load device error: No error
2014-06-19 19:55:53	load device error: No error
2014-06-19 19:55:55	load device error: No error
2014-06-19 19:55:57	load device error: No error
2014-06-19 19:55:59	load device error: No error
2014-06-19 19:56:03	load device error: No error
2014-06-19 19:56:03	load device error: No error
2014-06-19 19:56:03	load device error: No error
2014-06-19 19:56:03	load device error: No error
2014-06-19 19:56:03	load device error: No error
2014-06-19 19:56:03	load device error: No error
2014-06-19 19:56:03	load device error: No error
2014-06-19 19:56:03	load device error: No error
2014-06-19 19:56:03	load device error: No error
2014-06-19 19:56:03	load device error: No error
2014-06-19 19:56:03	load device error: No error
2014-06-19 19:56:05	load device error: No error
2014-06-19 19:56:07	load device error: No error
2014-06-19 19:56:08	load device error: No error
2014-06-19 19:56:08	load device error: No error
2014-06-19 19:56:08	load device error: No error
2014-06-19 19:56:08	load device error: No error
2014-06-19 19:56:09	load device error: No error
2014-06-19 19:56:11	load device error: No error
2014-06-19 19:56:13	load device error: No error
2014-06-19 19:56:15	load device error: No error
2014-06-19 19:56:17	load device error: No error
2014-06-19 19:56:19	load device error: No error
2014-06-19 19:56:21	load device error: No error
2014-06-19 19:56:23	load device error: No error
2014-06-19 19:56:25	load device error: No error
2014-06-19 19:56:27	load device error: No error
2014-06-19 19:56:29	load device error: No error
2014-06-19 19:56:31	load device error: No error
2014-06-19 19:56:33	load device error: No error
2014-06-19 19:56:35	load device error: No error
2014-06-19 19:56:37	load device error: No error
2014-06-19 19:56:39	load device error: No error
2014-06-19 19:56:41	load device error: No error
2014-06-19 19:56:43	load device error: No error
2014-06-19 19:56:45	load device error: No error
2014-06-19 19:56:47	load device error: No error
2014-06-19 19:56:49	load device error: No error
2014-06-19 19:56:51	load device error: No error
2014-06-19 19:56:53	load device error: No error
2014-06-19 19:56:55	load device error: No error
2014-06-19 19:56:57	load device error: No error
2014-06-19 19:56:59	load device error: No error
2014-06-19 19:57:01	load device error: No error
2014-06-19 19:57:03	load device error: No error
2014-06-19 19:57:05	load device error: No error
2014-06-19 19:57:07	load device error: No error
2014-06-19 19:57:09	load device error: No error
2014-06-19 19:57:11	load device error: No error
2014-06-19 19:57:13	load device error: No error
2014-06-19 19:57:15	load device error: No error
2014-06-19 19:57:17	load device error: No error
2014-06-19 19:57:19	load device error: No error
2014-06-19 19:57:21	load device error: No error
2014-06-19 19:57:23	load device error: No error
2014-06-19 19:57:25	load device error: No error
2014-06-19 19:57:27	load device error: No error
2014-06-19 19:57:29	load device error: No error
2014-06-19 19:57:31	load device error: No error
2014-06-19 19:57:34	load device error: No error
2014-06-19 19:57:36	load device error: No error
2014-06-19 19:57:38	load device error: No error
2014-06-19 19:57:40	load device error: No error
2014-06-19 19:57:42	load device error: No error
2014-06-19 19:57:44	load device error: No error
2014-06-19 19:57:46	load device error: No error
2014-06-19 19:57:48	load device error: No error
2014-06-19 19:57:50	load device error: No error
2014-06-19 19:57:52	load device error: No error
2014-06-19 19:57:54	load device error: No error
2014-06-19 19:57:56	load device error: No error
2014-06-19 19:57:58	load device error: No error
2014-06-19 19:58:00	load device error: No error
2014-06-19 19:58:02	load device error: No error
2014-06-19 19:58:04	load device error: No error
2014-06-19 19:58:06	load device error: No error
2014-06-19 19:58:08	load device error: No error
2014-06-19 19:58:10	load device error: No error
2014-06-19 19:58:12	load device error: No error
2014-06-19 19:58:14	load device error: No error
2014-06-19 19:58:16	load device error: No error
2014-06-19 19:58:18	load device error: No error
2014-06-19 19:58:20	load device error: No error
2014-06-19 19:58:22	load device error: No error
2014-06-19 19:58:24	load device error: No error
2014-06-19 19:58:26	load device error: No error
2014-06-19 19:58:28	load device error: No error
2014-06-19 19:58:30	load device error: No error
2014-06-19 19:58:37	load device error: No error
2014-06-19 19:58:39	load device error: No error
2014-06-19 19:58:41	load device error: No error
2014-06-19 19:58:43	load device error: No error
2014-06-19 19:58:43	load device error: No error
2014-06-19 19:58:45	load device error: No error
2014-06-19 19:58:47	load device error: No error
2014-06-19 19:58:49	load device error: No error
2014-06-19 19:58:51	load device error: No error
2014-06-19 19:58:53	load device error: No error
2014-06-19 19:58:55	load device error: No error
2014-06-19 19:58:57	load device error: No error
2014-06-19 19:58:59	load device error: No error
2014-06-19 19:59:01	load device error: No error
2014-06-19 19:59:03	load device error: No error
2014-06-19 19:59:05	load device error: No error
2014-06-19 19:59:07	load device error: No error
2014-06-19 19:59:09	load device error: No error
2014-06-19 19:59:11	load device error: No error
2014-06-19 19:59:13	load device error: No error
2014-06-19 19:59:15	load device error: No error
2014-06-19 19:59:17	load device error: No error
2014-06-19 19:59:19	load device error: No error
2014-06-19 19:59:21	load device error: No error
2014-06-19 19:59:23	load device error: No error
2014-06-19 19:59:25	load device error: No error
2014-06-19 19:59:27	load device error: No error
2014-06-19 19:59:29	load device error: No error
2014-06-19 19:59:31	load device error: No error
2014-06-19 19:59:33	load device error: No error
2014-06-19 19:59:35	load device error: No error
2014-06-19 19:59:37	load device error: No error
2014-06-19 19:59:39	load device error: No error
2014-06-19 19:59:41	load device error: No error
2014-06-19 19:59:43	load device error: No error
2014-06-19 19:59:45	load device error: No error
2014-06-19 19:59:47	load device error: No error
2014-06-19 19:59:49	load device error: No error
2014-06-19 19:59:51	load device error: No error
2014-06-19 19:59:53	load device error: No error
2014-06-19 19:59:55	load device error: No error
2014-06-19 19:59:57	load device error: No error
2014-06-19 19:59:59	load device error: No error
2014-06-19 20:00:01	load device error: No error
2014-06-19 20:00:03	load device error: No error
2014-06-19 20:00:05	load device error: No error
2014-06-19 20:00:07	load device error: No error
2014-06-19 20:00:09	load device error: No error
2014-06-19 20:00:11	load device error: No error
2014-06-19 20:00:13	load device error: No error
2014-06-19 20:00:15	load device error: No error
2014-06-19 20:00:17	load device error: No error
2014-06-19 20:00:19	load device error: No error
2014-06-19 20:00:21	load device error: No error
2014-06-19 20:00:23	load device error: No error
2014-06-19 20:00:25	load device error: No error
2014-06-19 20:00:28	load device error: No error
2014-06-19 20:00:30	load device error: No error
2014-06-19 20:00:32	load device error: No error
2014-06-19 20:00:34	load device error: No error
2014-06-19 20:00:36	load device error: No error
2014-06-19 20:00:38	load device error: No error
2014-06-19 20:00:40	load device error: No error
2014-06-19 20:00:42	load device error: No error
2014-06-19 20:00:44	load device error: No error
2014-06-19 20:00:46	load device error: No error
2014-06-19 20:00:48	load device error: No error
2014-06-19 20:00:50	load device error: No error
2014-06-19 20:00:52	load device error: No error
2014-06-19 20:00:54	load device error: No error
2014-06-19 20:00:56	load device error: No error
2014-06-19 20:00:58	load device error: No error
2014-06-19 20:01:00	load device error: No error
2014-06-19 20:01:02	load device error: No error
2014-06-19 20:01:04	load device error: No error
2014-06-19 20:01:06	load device error: No error
2014-06-19 20:01:08	load device error: No error
2014-06-19 20:01:10	load device error: No error
2014-06-19 20:01:12	load device error: No error
2014-06-19 20:01:14	load device error: No error
2014-06-19 20:01:16	load device error: No error
2014-06-19 20:01:18	load device error: No error
2014-06-19 20:01:20	load device error: No error
2014-06-19 20:01:22	load device error: No error
2014-06-19 20:01:24	load device error: No error
2014-06-19 20:01:26	load device error: No error
2014-06-19 20:01:28	load device error: No error
2014-06-19 20:01:30	load device error: No error
2014-06-19 20:01:32	load device error: No error
2014-06-19 20:01:34	load device error: No error
2014-06-19 20:01:36	load device error: No error
2014-06-19 20:01:38	load device error: No error
2014-06-19 20:01:40	load device error: No error
2014-06-19 20:01:42	load device error: No error
2014-06-19 20:01:44	load device error: No error
2014-06-19 20:01:46	load device error: No error
2014-06-19 20:01:48	load device error: No error
2014-06-19 20:01:50	load device error: No error
2014-06-19 20:01:52	load device error: No error
2014-06-19 20:01:54	load device error: No error
2014-06-19 20:01:56	load device error: No error
2014-06-19 20:01:58	load device error: No error
2014-06-19 20:02:00	load device error: No error
2014-06-19 20:02:02	load device error: No error
2014-06-19 20:02:04	load device error: No error
2014-06-19 20:02:06	load device error: No error
2014-06-19 20:02:08	load device error: No error
2014-06-19 20:02:10	load device error: No error
2014-06-19 20:02:12	load device error: No error
2014-06-19 20:02:14	load device error: No error
2014-06-19 20:02:16	load device error: No error
2014-06-19 20:02:18	load device error: No error
2014-06-19 20:02:20	load device error: No error
2014-06-19 20:02:22	load device error: No error
2014-06-19 20:02:24	load device error: No error
2014-06-19 20:02:26	load device error: No error
2014-06-19 20:02:28	load device error: No error
2014-06-19 20:02:30	load device error: No error
2014-06-19 20:02:32	load device error: No error
2014-06-19 20:02:34	load device error: No error
2014-06-19 20:02:36	load device error: No error
2014-06-19 20:02:38	load device error: No error
2014-06-19 20:02:40	load device error: No error
2014-06-19 20:02:42	load device error: No error
2014-06-19 20:02:44	load device error: No error
2014-06-19 20:02:46	load device error: No error
2014-06-19 20:02:46	load device error: No error
2014-06-19 20:02:46	load device error: No error
2014-06-19 20:02:46	load device error: No error
2014-06-19 20:02:48	load device error: No error
2014-06-19 20:02:50	load device error: No error
2014-06-19 20:02:52	load device error: No error
2014-06-19 20:02:54	load device error: No error
2014-06-19 20:02:56	load device error: No error
2014-06-19 20:02:58	load device error: No error
2014-06-19 20:03:00	load device error: No error
2014-06-19 20:26:52	load device error: No error
2014-06-19 20:26:54	load device error: No error
2014-06-19 20:26:56	load device error: No error
2014-06-19 20:26:58	load device error: No error
2014-06-19 20:27:01	load device error: No error
2014-06-19 20:27:01	load device error: No error
2014-06-19 20:27:01	load device error: No error
2014-06-19 20:27:01	load device error: No error
2014-06-19 20:27:01	load device error: No error
2014-06-19 20:27:01	load device error: No error
2014-06-19 20:27:01	load device error: No error
2014-06-19 20:27:01	load device error: No error
2014-06-19 20:27:01	load device error: No error
2014-06-19 20:27:01	load device error: No error
2014-06-19 20:27:02	load device error: No error
2014-06-19 20:27:04	load device error: No error
2014-06-19 20:27:06	load device error: No error
2014-06-19 20:27:08	load device error: No error
2014-06-19 20:27:10	load device error: No error
2014-06-19 20:29:15	load device error: No error
2014-06-19 20:29:17	load device error: No error
2014-06-19 20:39:38	load device error: No error
2014-06-19 21:41:38	load device error: No error
